<?xml version="1.0" encoding="UTF-8"?>
<!-- Generated by org.testng.reporters.JUnitXMLReporter -->
<testsuite ignored="0" hostname="DESKTOP-TQBPFL0" failures="0" tests="3" name="Maven_Project" time="116.461" errors="0" timestamp="2024-11-12T17:15:29 IST">
  <testcase classname="testcases.parameters.DataProviderWithExcel" name="verifyGoogleSearch" time="74.297"/>
  <testcase classname="testcases.parameters.DataProviderWithExcel" name="verifyGoogleSearch" time="23.165"/>
  <testcase classname="testcases.parameters.DataProviderWithExcel" name="verifyGoogleSearch" time="15.52"/>
</testsuite> <!-- Maven_Project -->
