<?xml version="1.0" encoding="UTF-8"?>
<testng-results ignored="0" total="3" passed="3" failed="0" skipped="0">
  <reporter-output>
  </reporter-output>
  <suite started-at="2024-11-12T17:13:32 IST" name="Default Suite" finished-at="2024-11-12T17:15:28 IST" duration-ms="116461">
    <groups>
    </groups>
    <test started-at="2024-11-12T17:13:32 IST" name="Maven_Project" finished-at="2024-11-12T17:15:28 IST" duration-ms="116461">
      <class name="testcases.parameters.DataProviderWithExcel">
        <test-method signature="verifyGoogleSearch(java.lang.String,java.lang.String)[pri:0, instance:testcases.parameters.DataProviderWithExcel@1d76aeea]" started-at="2024-11-12T17:13:35 IST" name="verifyGoogleSearch" data-provider="testCheck" finished-at="2024-11-12T17:14:49 IST" duration-ms="74297" status="PASS">
          <params>
            <param index="0">
              <value is-null="true"/>
            </param>
            <param index="1">
              <value is-null="true"/>
            </param>
          </params>
          <reporter-output>
          </reporter-output>
        </test-method> <!-- verifyGoogleSearch -->
        <test-method signature="verifyGoogleSearch(java.lang.String,java.lang.String)[pri:0, instance:testcases.parameters.DataProviderWithExcel@1d76aeea]" started-at="2024-11-12T17:14:49 IST" name="verifyGoogleSearch" data-provider="testCheck" finished-at="2024-11-12T17:15:13 IST" duration-ms="23165" status="PASS">
          <params>
            <param index="0">
              <value is-null="true"/>
            </param>
            <param index="1">
              <value is-null="true"/>
            </param>
          </params>
          <reporter-output>
          </reporter-output>
        </test-method> <!-- verifyGoogleSearch -->
        <test-method signature="verifyGoogleSearch(java.lang.String,java.lang.String)[pri:0, instance:testcases.parameters.DataProviderWithExcel@1d76aeea]" started-at="2024-11-12T17:15:13 IST" name="verifyGoogleSearch" data-provider="testCheck" finished-at="2024-11-12T17:15:28 IST" duration-ms="15520" status="PASS">
          <params>
            <param index="0">
              <value is-null="true"/>
            </param>
            <param index="1">
              <value is-null="true"/>
            </param>
          </params>
          <reporter-output>
          </reporter-output>
        </test-method> <!-- verifyGoogleSearch -->
      </class> <!-- testcases.parameters.DataProviderWithExcel -->
    </test> <!-- Maven_Project -->
  </suite> <!-- Default Suite -->
</testng-results>
